Using pre-set license
Built from '2020.3/staging' branch; Version is '2020.3.37f1 (8c66806a0c04) revision 9201280'; Using compiler version '192528614'; Build Type 'Release'
OS: 'Windows 10  (10.0.19044) 64bit Professional' Language: 'ko' Physical Memory: 16294 MB
BatchMode: 1, IsHumanControllingUs: 0, StartBugReporterOnCrash: 0, Is64bit: 1, IsPro: 0

COMMAND LINE ARGUMENTS:
C:\Program Files\Unity\Hub\Editor\2020.3.37f1\Editor\Unity.exe
-adb2
-batchMode
-noUpm
-name
AssetImportWorker1
-projectPath
C:/Users/admin/Desktop/Dr.Virus/Dr.Virus/Virus
-logFile
Logs/AssetImportWorker1.log
-srvPort
51567
Successfully changed project path to: C:/Users/admin/Desktop/Dr.Virus/Dr.Virus/Virus
C:/Users/admin/Desktop/Dr.Virus/Dr.Virus/Virus
Using Asset Import Pipeline V2.
Refreshing native plugins compatible for Editor in 35.14 ms, found 3 plugins.
Preloading 0 native plugins for Editor in 0.00 ms.
Initialize engine version: 2020.3.37f1 (8c66806a0c04)
[Subsystems] Discovering subsystems at path C:/Program Files/Unity/Hub/Editor/2020.3.37f1/Editor/Data/Resources/UnitySubsystems
[Subsystems] Discovering subsystems at path C:/Users/admin/Desktop/Dr.Virus/Dr.Virus/Virus/Assets
GfxDevice: creating device client; threaded=0
Direct3D:
    Version:  Direct3D 11.0 [level 11.1]
    Renderer: NVIDIA GeForce GTX 1660 SUPER (ID=0x21c4)
    Vendor:   
    VRAM:     5991 MB
    Driver:   27.21.14.5751
Initialize mono
Mono path[0] = 'C:/Program Files/Unity/Hub/Editor/2020.3.37f1/Editor/Data/Managed'
Mono path[1] = 'C:/Program Files/Unity/Hub/Editor/2020.3.37f1/Editor/Data/MonoBleedingEdge/lib/mono/unityjit'
Mono config path = 'C:/Program Files/Unity/Hub/Editor/2020.3.37f1/Editor/Data/MonoBleedingEdge/etc'
Using monoOptions --debugger-agent=transport=dt_socket,embedding=1,server=y,suspend=n,address=127.0.0.1:56348
Begin MonoManager ReloadAssembly
Registering precompiled unity dll's ...
Register platform support module: C:/Program Files/Unity/Hub/Editor/2020.3.37f1/Editor/Data/PlaybackEngines/WindowsStandaloneSupport/UnityEditor.WindowsStandalone.Extensions.dll
Registered in 0.000718 seconds.
Native extension for WindowsStandalone target not found
Refreshing native plugins compatible for Editor in 35.18 ms, found 3 plugins.
Preloading 0 native plugins for Editor in 0.00 ms.
Mono: successfully reloaded assembly
- Completed reload, in  0.438 seconds
Domain Reload Profiling:
	ReloadAssembly (438ms)
		BeginReloadAssembly (44ms)
			ExecutionOrderSort (0ms)
			DisableScriptedObjects (0ms)
			BackupInstance (0ms)
			ReleaseScriptingObjects (0ms)
			CreateAndSetChildDomain (1ms)
		EndReloadAssembly (344ms)
			LoadAssemblies (43ms)
			RebuildTransferFunctionScriptingTraits (0ms)
			SetupTypeCache (111ms)
			ReleaseScriptCaches (0ms)
			RebuildScriptCaches (26ms)
			SetupLoadedEditorAssemblies (133ms)
				LogAssemblyErrors (0ms)
				InitializePlatformSupportModulesInManaged (3ms)
				SetLoadedEditorAssemblies (0ms)
				RefreshPlugins (35ms)
				BeforeProcessingInitializeOnLoad (13ms)
				ProcessInitializeOnLoadAttributes (61ms)
				ProcessInitializeOnLoadMethodAttributes (21ms)
				AfterProcessingInitializeOnLoad (0ms)
				EditorAssembliesLoaded (0ms)
			ExecutionOrderSort2 (0ms)
			AwakeInstancesAfterBackupRestoration (0ms)
Platform modules already initialized, skipping
Registering precompiled user dll's ...
Registered in 0.001215 seconds.
Begin MonoManager ReloadAssembly
Symbol file data-000001F94830F580 doesn't match image C:\Users\admin\Desktop\Dr.Virus\Dr.Virus\Virus\Library\ScriptAssemblies\Unity.VSCode.Editor.dll
Symbol file LoadedFromMemory is not a mono symbol file
Symbol file data-000001F9493C9E90 doesn't match image C:\Users\admin\Desktop\Dr.Virus\Dr.Virus\Virus\Library\ScriptAssemblies\Unity.2D.PixelPerfect.dll
Symbol file LoadedFromMemory is not a mono symbol file
Symbol file data-000001F9489A2A70 doesn't match image C:\Users\admin\Desktop\Dr.Virus\Dr.Virus\Virus\Library\ScriptAssemblies\Unity.2D.Tilemap.Editor.dll
Symbol file LoadedFromMemory is not a mono symbol file
Symbol file data-000001F948F39010 doesn't match image C:\Users\admin\Desktop\Dr.Virus\Dr.Virus\Virus\Library\ScriptAssemblies\PsdPlugin.dll
Symbol file LoadedFromMemory is not a mono symbol file
Symbol file data-000001F948324010 doesn't match image C:\Users\admin\Desktop\Dr.Virus\Dr.Virus\Virus\Library\ScriptAssemblies\Unity.TextMeshPro.Editor.dll
Symbol file LoadedFromMemory is not a mono symbol file
Symbol file data-000001F9487C79B0 doesn't match image C:\Users\admin\Desktop\Dr.Virus\Dr.Virus\Virus\Library\ScriptAssemblies\Unity.VisualStudio.Editor.dll
Symbol file LoadedFromMemory is not a mono symbol file
Symbol file data-000001F948F70220 doesn't match image C:\Users\admin\Desktop\Dr.Virus\Dr.Virus\Virus\Library\ScriptAssemblies\UnityEngine.TestRunner.dll
Symbol file LoadedFromMemory is not a mono symbol file
Symbol file data-000001F948354030 doesn't match image C:\Users\admin\Desktop\Dr.Virus\Dr.Virus\Virus\Library\ScriptAssemblies\Unity.Timeline.dll
Symbol file LoadedFromMemory is not a mono symbol file
Symbol file data-000001F944EBD040 doesn't match image C:\Users\admin\Desktop\Dr.Virus\Dr.Virus\Virus\Library\ScriptAssemblies\Unity.TextMeshPro.dll
Symbol file LoadedFromMemory is not a mono symbol file
Symbol file data-000001F948354030 doesn't match image C:\Users\admin\Desktop\Dr.Virus\Dr.Virus\Virus\Library\ScriptAssemblies\UnityEditor.TestRunner.dll
Symbol file LoadedFromMemory is not a mono symbol file
Symbol file data-000001F9484A6630 doesn't match image C:\Users\admin\Desktop\Dr.Virus\Dr.Virus\Virus\Library\ScriptAssemblies\Unity.2D.Sprite.Editor.dll
Symbol file LoadedFromMemory is not a mono symbol file
Symbol file data-000001F94835C040 doesn't match image C:\Users\admin\Desktop\Dr.Virus\Dr.Virus\Virus\Library\ScriptAssemblies\Unity.2D.Path.Editor.dll
Symbol file LoadedFromMemory is not a mono symbol file
Symbol file data-000001F9490B84C0 doesn't match image C:\Users\admin\Desktop\Dr.Virus\Dr.Virus\Virus\Library\ScriptAssemblies\Unity.InternalAPIEditorBridge.001.dll
Symbol file LoadedFromMemory is not a mono symbol file
Symbol file data-000001F9487C79B0 doesn't match image C:\Users\admin\Desktop\Dr.Virus\Dr.Virus\Virus\Library\ScriptAssemblies\UnityEditor.UI.dll
Symbol file LoadedFromMemory is not a mono symbol file
Symbol file data-000001F9487E0010 doesn't match image C:\Users\admin\Desktop\Dr.Virus\Dr.Virus\Virus\Library\ScriptAssemblies\Unity.PlasticSCM.Editor.dll
Symbol file LoadedFromMemory is not a mono symbol file
Symbol file data-000001F947B6D890 doesn't match image C:\Users\admin\Desktop\Dr.Virus\Dr.Virus\Virus\Library\ScriptAssemblies\Unity.Rider.Editor.dll
Symbol file LoadedFromMemory is not a mono symbol file
Symbol file data-000001F948801C30 doesn't match image C:\Users\admin\Desktop\Dr.Virus\Dr.Virus\Virus\Library\ScriptAssemblies\UnityEngine.UI.dll
Symbol file LoadedFromMemory is not a mono symbol file
Symbol file data-000001F9481A2010 doesn't match image C:\Users\admin\Desktop\Dr.Virus\Dr.Virus\Virus\Library\ScriptAssemblies\Unity.Mathematics.dll
Symbol file LoadedFromMemory is not a mono symbol file
Symbol file data-000001F94830A330 doesn't match image C:\Users\admin\Desktop\Dr.Virus\Dr.Virus\Virus\Library\ScriptAssemblies\Unity.2D.IK.Runtime.dll
Symbol file LoadedFromMemory is not a mono symbol file
Symbol file data-000001F947B6D890 doesn't match image C:\Users\admin\Desktop\Dr.Virus\Dr.Virus\Virus\Library\ScriptAssemblies\Unity.Services.Core.Editor.dll
Symbol file LoadedFromMemory is not a mono symbol file
Symbol file data-000001F9481CFC20 doesn't match image C:\Users\admin\Desktop\Dr.Virus\Dr.Virus\Virus\Library\ScriptAssemblies\Unity.2D.Animation.Triangle.Editor.dll
Symbol file LoadedFromMemory is not a mono symbol file
Symbol file data-000001F944B3A050 doesn't match image C:\Users\admin\Desktop\Dr.Virus\Dr.Virus\Virus\Library\ScriptAssemblies\Unity.2D.PixelPerfect.Editor.dll
Symbol file LoadedFromMemory is not a mono symbol file
Symbol file data-000001F948012010 doesn't match image C:\Users\admin\Desktop\Dr.Virus\Dr.Virus\Virus\Library\ScriptAssemblies\Unity.Timeline.Editor.dll
Symbol file LoadedFromMemory is not a mono symbol file
Symbol file data-000001F94835C040 doesn't match image C:\Users\admin\Desktop\Dr.Virus\Dr.Virus\Virus\Library\ScriptAssemblies\Unity.CollabProxy.Editor.dll
Symbol file LoadedFromMemory is not a mono symbol file
Symbol file data-000001F944C59020 doesn't match image C:\Users\admin\Desktop\Dr.Virus\Dr.Virus\Virus\Library\ScriptAssemblies\Unity.Mathematics.Editor.dll
Symbol file LoadedFromMemory is not a mono symbol file
Symbol file data-000001F94990CB80 doesn't match image C:\Users\admin\Desktop\Dr.Virus\Dr.Virus\Virus\Library\ScriptAssemblies\Unity.2D.Common.Runtime.dll
Symbol file LoadedFromMemory is not a mono symbol file
Symbol file data-000001F9482D0010 doesn't match image C:\Users\admin\Desktop\Dr.Virus\Dr.Virus\Virus\Library\ScriptAssemblies\Unity.2D.SpriteShape.Editor.dll
Symbol file LoadedFromMemory is not a mono symbol file
Symbol file data-000001F94830F580 doesn't match image C:\Users\admin\Desktop\Dr.Virus\Dr.Virus\Virus\Library\ScriptAssemblies\Unity.2D.Common.Editor.dll
Symbol file LoadedFromMemory is not a mono symbol file
Symbol file data-000001F9499CEE50 doesn't match image C:\Users\admin\Desktop\Dr.Virus\Dr.Virus\Virus\Library\ScriptAssemblies\Unity.2D.SpriteShape.Runtime.dll
Symbol file LoadedFromMemory is not a mono symbol file
Native extension for WindowsStandalone target not found
Refreshing native plugins compatible for Editor in 33.76 ms, found 3 plugins.
Preloading 0 native plugins for Editor in 0.00 ms.
Mono: successfully reloaded assembly
- Completed reload, in  0.830 seconds
Domain Reload Profiling:
	ReloadAssembly (831ms)
		BeginReloadAssembly (114ms)
			ExecutionOrderSort (0ms)
			DisableScriptedObjects (4ms)
			BackupInstance (0ms)
			ReleaseScriptingObjects (0ms)
			CreateAndSetChildDomain (15ms)
		EndReloadAssembly (671ms)
			LoadAssemblies (68ms)
			RebuildTransferFunctionScriptingTraits (0ms)
			SetupTypeCache (227ms)
			ReleaseScriptCaches (0ms)
			RebuildScriptCaches (37ms)
			SetupLoadedEditorAssemblies (254ms)
				LogAssemblyErrors (0ms)
				InitializePlatformSupportModulesInManaged (2ms)
				SetLoadedEditorAssemblies (0ms)
				RefreshPlugins (34ms)
				BeforeProcessingInitializeOnLoad (57ms)
				ProcessInitializeOnLoadAttributes (143ms)
				ProcessInitializeOnLoadMethodAttributes (16ms)
				AfterProcessingInitializeOnLoad (2ms)
				EditorAssembliesLoaded (0ms)
			ExecutionOrderSort2 (0ms)
			AwakeInstancesAfterBackupRestoration (1ms)
Platform modules already initialized, skipping
========================================================================
Worker process is ready to serve import requests
Launched and connected shader compiler UnityShaderCompiler.exe after 0.02 seconds
Refreshing native plugins compatible for Editor in 0.43 ms, found 3 plugins.
Preloading 0 native plugins for Editor in 0.00 ms.
Unloading 2221 Unused Serialized files (Serialized files now loaded: 0)
System memory in use before: 97.6 MB.
System memory in use after: 97.7 MB.

Unloading 25 unused Assets to reduce memory usage. Loaded Objects now: 2661.
Total: 2.572700 ms (FindLiveObjects: 0.169800 ms CreateObjectMapping: 0.085000 ms MarkObjects: 2.259900 ms  DeleteObjects: 0.057200 ms)

AssetImportParameters requested are different than current active one (requested -> active):
  custom:framework-win-MediaFoundation: 216162199b28c13a410421893ffa2e32 -> 
  custom:video-decoder-ogg-theora: a1e56fd34408186e4bbccfd4996cb3dc -> 
  custom:container-muxer-webm: aa71ff27fc2769a1b78a27578f13a17b -> 
  custom:container-demuxer-webm: 4f35f7cbe854078d1ac9338744f61a02 -> 
  custom:container-demuxer-ogg: 62fdf1f143b41e24485cea50d1cbac27 -> 
  custom:video-encoder-webm-vp8: eb34c28f22e8b96e1ab97ce403110664 -> 
  custom:video-decoder-webm-vp8: 9c59270c3fd7afecdb556c50c9e8de78 -> 
  custom:audio-decoder-ogg-vorbis: bf7c407c2cedff20999df2af8eb42d56 -> 
  custom:audio-encoder-webm-vorbis: bf7c407c2cedff20999df2af8eb42d56 -> 
========================================================================
Received Import Request.
  path: Assets/Prefabs/Virus.prefab
  artifactKey: Guid(a005fdf300c9e9544b942cb927af614c) Importer(815301076,1909f56bfc062723c751e8b465ee728b)
Start importing Assets/Prefabs/Virus.prefab using Guid(a005fdf300c9e9544b942cb927af614c) Importer(815301076,1909f56bfc062723c751e8b465ee728b)  -> (artifact id: 'b831f2278e1099fd00f70ca27914079a') in 0.066167 seconds 
========================================================================
Received Prepare
Registering precompiled user dll's ...
Registered in 0.001128 seconds.
Begin MonoManager ReloadAssembly
Symbol file data-000001F944D91DD0 doesn't match image C:\Users\admin\Desktop\Dr.Virus\Dr.Virus\Virus\Library\ScriptAssemblies\Unity.VSCode.Editor.dll
Symbol file LoadedFromMemory is not a mono symbol file
Symbol file data-000001F94CB8A7A0 doesn't match image C:\Users\admin\Desktop\Dr.Virus\Dr.Virus\Virus\Library\ScriptAssemblies\Unity.2D.PixelPerfect.dll
Symbol file LoadedFromMemory is not a mono symbol file
Symbol file data-000001F944CDA010 doesn't match image C:\Users\admin\Desktop\Dr.Virus\Dr.Virus\Virus\Library\ScriptAssemblies\Unity.2D.Tilemap.Editor.dll
Symbol file LoadedFromMemory is not a mono symbol file
Symbol file data-000001F94885C020 doesn't match image C:\Users\admin\Desktop\Dr.Virus\Dr.Virus\Virus\Library\ScriptAssemblies\PsdPlugin.dll
Symbol file LoadedFromMemory is not a mono symbol file
Symbol file data-000001F947F71020 doesn't match image C:\Users\admin\Desktop\Dr.Virus\Dr.Virus\Virus\Library\ScriptAssemblies\Unity.TextMeshPro.Editor.dll
Symbol file LoadedFromMemory is not a mono symbol file
Symbol file data-000001F94830B8D0 doesn't match image C:\Users\admin\Desktop\Dr.Virus\Dr.Virus\Virus\Library\ScriptAssemblies\Unity.VisualStudio.Editor.dll
Symbol file LoadedFromMemory is not a mono symbol file
Symbol file data-000001F944CDA010 doesn't match image C:\Users\admin\Desktop\Dr.Virus\Dr.Virus\Virus\Library\ScriptAssemblies\UnityEngine.TestRunner.dll
Symbol file LoadedFromMemory is not a mono symbol file
Symbol file data-000001F944CDA010 doesn't match image C:\Users\admin\Desktop\Dr.Virus\Dr.Virus\Virus\Library\ScriptAssemblies\Unity.Timeline.dll
Symbol file LoadedFromMemory is not a mono symbol file
Symbol file data-000001F949A94030 doesn't match image C:\Users\admin\Desktop\Dr.Virus\Dr.Virus\Virus\Library\ScriptAssemblies\Unity.TextMeshPro.dll
Symbol file LoadedFromMemory is not a mono symbol file
Symbol file data-000001F9487E0010 doesn't match image C:\Users\admin\Desktop\Dr.Virus\Dr.Virus\Virus\Library\ScriptAssemblies\UnityEditor.TestRunner.dll
Symbol file LoadedFromMemory is not a mono symbol file
Symbol file data-000001F944CDA010 doesn't match image C:\Users\admin\Desktop\Dr.Virus\Dr.Virus\Virus\Library\ScriptAssemblies\Unity.2D.Sprite.Editor.dll
Symbol file LoadedFromMemory is not a mono symbol file
Symbol file data-000001F9486DA640 doesn't match image C:\Users\admin\Desktop\Dr.Virus\Dr.Virus\Virus\Library\ScriptAssemblies\Unity.2D.Path.Editor.dll
Symbol file LoadedFromMemory is not a mono symbol file
Symbol file data-000001F949079B80 doesn't match image C:\Users\admin\Desktop\Dr.Virus\Dr.Virus\Virus\Library\ScriptAssemblies\Unity.InternalAPIEditorBridge.001.dll
Symbol file LoadedFromMemory is not a mono symbol file
Symbol file data-000001F94830B8D0 doesn't match image C:\Users\admin\Desktop\Dr.Virus\Dr.Virus\Virus\Library\ScriptAssemblies\UnityEditor.UI.dll
Symbol file LoadedFromMemory is not a mono symbol file
Symbol file data-000001F94B93B420 doesn't match image C:\Users\admin\Desktop\Dr.Virus\Dr.Virus\Virus\Library\ScriptAssemblies\Unity.PlasticSCM.Editor.dll
Symbol file LoadedFromMemory is not a mono symbol file
Symbol file data-000001F948049220 doesn't match image C:\Users\admin\Desktop\Dr.Virus\Dr.Virus\Virus\Library\ScriptAssemblies\Unity.Rider.Editor.dll
Symbol file LoadedFromMemory is not a mono symbol file
Symbol file data-000001F944574010 doesn't match image C:\Users\admin\Desktop\Dr.Virus\Dr.Virus\Virus\Library\ScriptAssemblies\UnityEngine.UI.dll
Symbol file LoadedFromMemory is not a mono symbol file
Symbol file data-000001F949185010 doesn't match image C:\Users\admin\Desktop\Dr.Virus\Dr.Virus\Virus\Library\ScriptAssemblies\Unity.Mathematics.dll
Symbol file LoadedFromMemory is not a mono symbol file
Symbol file data-000001F944820E20 doesn't match image C:\Users\admin\Desktop\Dr.Virus\Dr.Virus\Virus\Library\ScriptAssemblies\Unity.2D.IK.Runtime.dll
Symbol file LoadedFromMemory is not a mono symbol file
Symbol file data-000001F949908020 doesn't match image C:\Users\admin\Desktop\Dr.Virus\Dr.Virus\Virus\Library\ScriptAssemblies\Unity.Services.Core.Editor.dll
Symbol file LoadedFromMemory is not a mono symbol file
Symbol file data-000001F944574010 doesn't match image C:\Users\admin\Desktop\Dr.Virus\Dr.Virus\Virus\Library\ScriptAssemblies\Unity.2D.Animation.Triangle.Editor.dll
Symbol file LoadedFromMemory is not a mono symbol file
Symbol file data-000001F944B3C0C0 doesn't match image C:\Users\admin\Desktop\Dr.Virus\Dr.Virus\Virus\Library\ScriptAssemblies\Unity.2D.PixelPerfect.Editor.dll
Symbol file LoadedFromMemory is not a mono symbol file
Symbol file data-000001F948974030 doesn't match image C:\Users\admin\Desktop\Dr.Virus\Dr.Virus\Virus\Library\ScriptAssemblies\Unity.Timeline.Editor.dll
Symbol file LoadedFromMemory is not a mono symbol file
Symbol file data-000001F947F71020 doesn't match image C:\Users\admin\Desktop\Dr.Virus\Dr.Virus\Virus\Library\ScriptAssemblies\Unity.CollabProxy.Editor.dll
Symbol file LoadedFromMemory is not a mono symbol file
Symbol file data-000001F949BFE020 doesn't match image C:\Users\admin\Desktop\Dr.Virus\Dr.Virus\Virus\Library\ScriptAssemblies\Unity.Mathematics.Editor.dll
Symbol file LoadedFromMemory is not a mono symbol file
Symbol file data-000001F947F8AC20 doesn't match image C:\Users\admin\Desktop\Dr.Virus\Dr.Virus\Virus\Library\ScriptAssemblies\Unity.2D.Common.Runtime.dll
Symbol file LoadedFromMemory is not a mono symbol file
Symbol file data-000001F9496CC620 doesn't match image C:\Users\admin\Desktop\Dr.Virus\Dr.Virus\Virus\Library\ScriptAssemblies\Unity.2D.SpriteShape.Editor.dll
Symbol file LoadedFromMemory is not a mono symbol file
Symbol file data-000001F944D91DD0 doesn't match image C:\Users\admin\Desktop\Dr.Virus\Dr.Virus\Virus\Library\ScriptAssemblies\Unity.2D.Common.Editor.dll
Symbol file LoadedFromMemory is not a mono symbol file
Symbol file data-000001F947F71020 doesn't match image C:\Users\admin\Desktop\Dr.Virus\Dr.Virus\Virus\Library\ScriptAssemblies\Unity.2D.SpriteShape.Runtime.dll
Symbol file LoadedFromMemory is not a mono symbol file
Native extension for WindowsStandalone target not found
Refreshing native plugins compatible for Editor in 0.45 ms, found 3 plugins.
Preloading 0 native plugins for Editor in 0.00 ms.
Mono: successfully reloaded assembly
- Completed reload, in  0.755 seconds
Domain Reload Profiling:
	ReloadAssembly (755ms)
		BeginReloadAssembly (92ms)
			ExecutionOrderSort (0ms)
			DisableScriptedObjects (5ms)
			BackupInstance (0ms)
			ReleaseScriptingObjects (0ms)
			CreateAndSetChildDomain (28ms)
		EndReloadAssembly (620ms)
			LoadAssemblies (68ms)
			RebuildTransferFunctionScriptingTraits (0ms)
			SetupTypeCache (223ms)
			ReleaseScriptCaches (1ms)
			RebuildScriptCaches (34ms)
			SetupLoadedEditorAssemblies (226ms)
				LogAssemblyErrors (0ms)
				InitializePlatformSupportModulesInManaged (3ms)
				SetLoadedEditorAssemblies (0ms)
				RefreshPlugins (0ms)
				BeforeProcessingInitializeOnLoad (63ms)
				ProcessInitializeOnLoadAttributes (144ms)
				ProcessInitializeOnLoadMethodAttributes (12ms)
				AfterProcessingInitializeOnLoad (2ms)
				EditorAssembliesLoaded (0ms)
			ExecutionOrderSort2 (0ms)
			AwakeInstancesAfterBackupRestoration (3ms)
Platform modules already initialized, skipping
Refreshing native plugins compatible for Editor in 0.34 ms, found 3 plugins.
Preloading 0 native plugins for Editor in 0.00 ms.
Unloading 2210 Unused Serialized files (Serialized files now loaded: 0)
System memory in use before: 99.9 MB.
System memory in use after: 100.0 MB.

Unloading 14 unused Assets to reduce memory usage. Loaded Objects now: 2671.
Total: 2.368100 ms (FindLiveObjects: 0.172000 ms CreateObjectMapping: 0.086400 ms MarkObjects: 2.095100 ms  DeleteObjects: 0.014000 ms)

AssetImportParameters requested are different than current active one (requested -> active):
  custom:framework-win-MediaFoundation: 216162199b28c13a410421893ffa2e32 -> 
  custom:video-decoder-ogg-theora: a1e56fd34408186e4bbccfd4996cb3dc -> 
  custom:container-muxer-webm: aa71ff27fc2769a1b78a27578f13a17b -> 
  custom:container-demuxer-webm: 4f35f7cbe854078d1ac9338744f61a02 -> 
  custom:container-demuxer-ogg: 62fdf1f143b41e24485cea50d1cbac27 -> 
  custom:video-encoder-webm-vp8: eb34c28f22e8b96e1ab97ce403110664 -> 
  custom:video-decoder-webm-vp8: 9c59270c3fd7afecdb556c50c9e8de78 -> 
  custom:audio-decoder-ogg-vorbis: bf7c407c2cedff20999df2af8eb42d56 -> 
  custom:audio-encoder-webm-vorbis: bf7c407c2cedff20999df2af8eb42d56 -> 
========================================================================
Received Prepare
Registering precompiled user dll's ...
Registered in 0.001245 seconds.
Begin MonoManager ReloadAssembly
Symbol file data-000001F9496FB850 doesn't match image C:\Users\admin\Desktop\Dr.Virus\Dr.Virus\Virus\Library\ScriptAssemblies\Unity.VSCode.Editor.dll
Symbol file LoadedFromMemory is not a mono symbol file
Symbol file data-000001F949D48D70 doesn't match image C:\Users\admin\Desktop\Dr.Virus\Dr.Virus\Virus\Library\ScriptAssemblies\Unity.2D.PixelPerfect.dll
Symbol file LoadedFromMemory is not a mono symbol file
Symbol file data-000001F94B46E010 doesn't match image C:\Users\admin\Desktop\Dr.Virus\Dr.Virus\Virus\Library\ScriptAssemblies\Unity.2D.Tilemap.Editor.dll
Symbol file LoadedFromMemory is not a mono symbol file
Symbol file data-000001F944D57E60 doesn't match image C:\Users\admin\Desktop\Dr.Virus\Dr.Virus\Virus\Library\ScriptAssemblies\PsdPlugin.dll
Symbol file LoadedFromMemory is not a mono symbol file
Symbol file data-000001F94B46E010 doesn't match image C:\Users\admin\Desktop\Dr.Virus\Dr.Virus\Virus\Library\ScriptAssemblies\Unity.TextMeshPro.Editor.dll
Symbol file LoadedFromMemory is not a mono symbol file
Symbol file data-000001F94C700EF0 doesn't match image C:\Users\admin\Desktop\Dr.Virus\Dr.Virus\Virus\Library\ScriptAssemblies\Unity.VisualStudio.Editor.dll
Symbol file LoadedFromMemory is not a mono symbol file
Symbol file data-000001F9495D7030 doesn't match image C:\Users\admin\Desktop\Dr.Virus\Dr.Virus\Virus\Library\ScriptAssemblies\UnityEngine.TestRunner.dll
Symbol file LoadedFromMemory is not a mono symbol file
Symbol file data-000001F94B46E010 doesn't match image C:\Users\admin\Desktop\Dr.Virus\Dr.Virus\Virus\Library\ScriptAssemblies\Unity.Timeline.dll
Symbol file LoadedFromMemory is not a mono symbol file
Symbol file data-000001F947EDB020 doesn't match image C:\Users\admin\Desktop\Dr.Virus\Dr.Virus\Virus\Library\ScriptAssemblies\Unity.TextMeshPro.dll
Symbol file LoadedFromMemory is not a mono symbol file
Symbol file data-000001F9487E0010 doesn't match image C:\Users\admin\Desktop\Dr.Virus\Dr.Virus\Virus\Library\ScriptAssemblies\UnityEditor.TestRunner.dll
Symbol file LoadedFromMemory is not a mono symbol file
Symbol file data-000001F94B46E010 doesn't match image C:\Users\admin\Desktop\Dr.Virus\Dr.Virus\Virus\Library\ScriptAssemblies\Unity.2D.Sprite.Editor.dll
Symbol file LoadedFromMemory is not a mono symbol file
Symbol file data-000001F944CBE010 doesn't match image C:\Users\admin\Desktop\Dr.Virus\Dr.Virus\Virus\Library\ScriptAssemblies\Unity.2D.Path.Editor.dll
Symbol file LoadedFromMemory is not a mono symbol file
Symbol file data-000001F944CC0190 doesn't match image C:\Users\admin\Desktop\Dr.Virus\Dr.Virus\Virus\Library\ScriptAssemblies\Unity.InternalAPIEditorBridge.001.dll
Symbol file LoadedFromMemory is not a mono symbol file
Symbol file data-000001F94C700EF0 doesn't match image C:\Users\admin\Desktop\Dr.Virus\Dr.Virus\Virus\Library\ScriptAssemblies\UnityEditor.UI.dll
Symbol file LoadedFromMemory is not a mono symbol file
Symbol file data-000001F949A84020 doesn't match image C:\Users\admin\Desktop\Dr.Virus\Dr.Virus\Virus\Library\ScriptAssemblies\Unity.PlasticSCM.Editor.dll
Symbol file LoadedFromMemory is not a mono symbol file
Symbol file data-000001F94C770110 doesn't match image C:\Users\admin\Desktop\Dr.Virus\Dr.Virus\Virus\Library\ScriptAssemblies\Unity.Rider.Editor.dll
Symbol file LoadedFromMemory is not a mono symbol file
Symbol file data-000001F944D66D80 doesn't match image C:\Users\admin\Desktop\Dr.Virus\Dr.Virus\Virus\Library\ScriptAssemblies\UnityEngine.UI.dll
Symbol file LoadedFromMemory is not a mono symbol file
Symbol file data-000001F949185010 doesn't match image C:\Users\admin\Desktop\Dr.Virus\Dr.Virus\Virus\Library\ScriptAssemblies\Unity.Mathematics.dll
Symbol file LoadedFromMemory is not a mono symbol file
Symbol file data-000001F947F02230 doesn't match image C:\Users\admin\Desktop\Dr.Virus\Dr.Virus\Virus\Library\ScriptAssemblies\Unity.2D.IK.Runtime.dll
Symbol file LoadedFromMemory is not a mono symbol file
Symbol file data-000001F94C770110 doesn't match image C:\Users\admin\Desktop\Dr.Virus\Dr.Virus\Virus\Library\ScriptAssemblies\Unity.Services.Core.Editor.dll
Symbol file LoadedFromMemory is not a mono symbol file
Symbol file data-000001F944D66D80 doesn't match image C:\Users\admin\Desktop\Dr.Virus\Dr.Virus\Virus\Library\ScriptAssemblies\Unity.2D.Animation.Triangle.Editor.dll
Symbol file LoadedFromMemory is not a mono symbol file
Symbol file data-000001F95B272070 doesn't match image C:\Users\admin\Desktop\Dr.Virus\Dr.Virus\Virus\Library\ScriptAssemblies\Unity.2D.PixelPerfect.Editor.dll
Symbol file LoadedFromMemory is not a mono symbol file
Symbol file data-000001F94489ACD0 doesn't match image C:\Users\admin\Desktop\Dr.Virus\Dr.Virus\Virus\Library\ScriptAssemblies\Unity.Timeline.Editor.dll
Symbol file LoadedFromMemory is not a mono symbol file
Symbol file data-000001F94D85B400 doesn't match image C:\Users\admin\Desktop\Dr.Virus\Dr.Virus\Virus\Library\ScriptAssemblies\Unity.CollabProxy.Editor.dll
Symbol file LoadedFromMemory is not a mono symbol file
Symbol file data-000001F94D18DB20 doesn't match image C:\Users\admin\Desktop\Dr.Virus\Dr.Virus\Virus\Library\ScriptAssemblies\Unity.Mathematics.Editor.dll
Symbol file LoadedFromMemory is not a mono symbol file
Symbol file data-000001F94934DA80 doesn't match image C:\Users\admin\Desktop\Dr.Virus\Dr.Virus\Virus\Library\ScriptAssemblies\Unity.2D.Common.Runtime.dll
Symbol file LoadedFromMemory is not a mono symbol file
Symbol file data-000001F94C700EF0 doesn't match image C:\Users\admin\Desktop\Dr.Virus\Dr.Virus\Virus\Library\ScriptAssemblies\Unity.2D.SpriteShape.Editor.dll
Symbol file LoadedFromMemory is not a mono symbol file
Symbol file data-000001F949ABD430 doesn't match image C:\Users\admin\Desktop\Dr.Virus\Dr.Virus\Virus\Library\ScriptAssemblies\Unity.2D.Common.Editor.dll
Symbol file LoadedFromMemory is not a mono symbol file
Symbol file data-000001F94D85B400 doesn't match image C:\Users\admin\Desktop\Dr.Virus\Dr.Virus\Virus\Library\ScriptAssemblies\Unity.2D.SpriteShape.Runtime.dll
Symbol file LoadedFromMemory is not a mono symbol file
Native extension for WindowsStandalone target not found
Refreshing native plugins compatible for Editor in 0.45 ms, found 3 plugins.
Preloading 0 native plugins for Editor in 0.00 ms.
Mono: successfully reloaded assembly
- Completed reload, in  0.745 seconds
Domain Reload Profiling:
	ReloadAssembly (745ms)
		BeginReloadAssembly (87ms)
			ExecutionOrderSort (0ms)
			DisableScriptedObjects (5ms)
			BackupInstance (0ms)
			ReleaseScriptingObjects (0ms)
			CreateAndSetChildDomain (28ms)
		EndReloadAssembly (616ms)
			LoadAssemblies (68ms)
			RebuildTransferFunctionScriptingTraits (0ms)
			SetupTypeCache (220ms)
			ReleaseScriptCaches (1ms)
			RebuildScriptCaches (34ms)
			SetupLoadedEditorAssemblies (225ms)
				LogAssemblyErrors (0ms)
				InitializePlatformSupportModulesInManaged (3ms)
				SetLoadedEditorAssemblies (0ms)
				RefreshPlugins (0ms)
				BeforeProcessingInitializeOnLoad (59ms)
				ProcessInitializeOnLoadAttributes (147ms)
				ProcessInitializeOnLoadMethodAttributes (13ms)
				AfterProcessingInitializeOnLoad (2ms)
				EditorAssembliesLoaded (0ms)
			ExecutionOrderSort2 (0ms)
			AwakeInstancesAfterBackupRestoration (3ms)
Platform modules already initialized, skipping
Refreshing native plugins compatible for Editor in 0.37 ms, found 3 plugins.
Preloading 0 native plugins for Editor in 0.00 ms.
Unloading 2210 Unused Serialized files (Serialized files now loaded: 0)
System memory in use before: 100.0 MB.
System memory in use after: 100.1 MB.

Unloading 14 unused Assets to reduce memory usage. Loaded Objects now: 2674.
Total: 2.342900 ms (FindLiveObjects: 0.149400 ms CreateObjectMapping: 0.074000 ms MarkObjects: 2.103700 ms  DeleteObjects: 0.015200 ms)

AssetImportParameters requested are different than current active one (requested -> active):
  custom:framework-win-MediaFoundation: 216162199b28c13a410421893ffa2e32 -> 
  custom:video-decoder-ogg-theora: a1e56fd34408186e4bbccfd4996cb3dc -> 
  custom:container-muxer-webm: aa71ff27fc2769a1b78a27578f13a17b -> 
  custom:container-demuxer-webm: 4f35f7cbe854078d1ac9338744f61a02 -> 
  custom:container-demuxer-ogg: 62fdf1f143b41e24485cea50d1cbac27 -> 
  custom:video-encoder-webm-vp8: eb34c28f22e8b96e1ab97ce403110664 -> 
  custom:video-decoder-webm-vp8: 9c59270c3fd7afecdb556c50c9e8de78 -> 
  custom:audio-decoder-ogg-vorbis: bf7c407c2cedff20999df2af8eb42d56 -> 
  custom:audio-encoder-webm-vorbis: bf7c407c2cedff20999df2af8eb42d56 -> 
========================================================================
Received Prepare
Registering precompiled user dll's ...
Registered in 0.001112 seconds.
Begin MonoManager ReloadAssembly
Symbol file data-000001F9496FB850 doesn't match image C:\Users\admin\Desktop\Dr.Virus\Dr.Virus\Virus\Library\ScriptAssemblies\Unity.VSCode.Editor.dll
Symbol file LoadedFromMemory is not a mono symbol file
Symbol file data-000001F94C4B41D0 doesn't match image C:\Users\admin\Desktop\Dr.Virus\Dr.Virus\Virus\Library\ScriptAssemblies\Unity.2D.PixelPerfect.dll
Symbol file LoadedFromMemory is not a mono symbol file
Symbol file data-000001F94CFA3070 doesn't match image C:\Users\admin\Desktop\Dr.Virus\Dr.Virus\Virus\Library\ScriptAssemblies\Unity.2D.Tilemap.Editor.dll
Symbol file LoadedFromMemory is not a mono symbol file
Symbol file data-000001F9496EB180 doesn't match image C:\Users\admin\Desktop\Dr.Virus\Dr.Virus\Virus\Library\ScriptAssemblies\PsdPlugin.dll
Symbol file LoadedFromMemory is not a mono symbol file
Symbol file data-000001F94CFA3070 doesn't match image C:\Users\admin\Desktop\Dr.Virus\Dr.Virus\Virus\Library\ScriptAssemblies\Unity.TextMeshPro.Editor.dll
Symbol file LoadedFromMemory is not a mono symbol file
Symbol file data-000001F94C0DE020 doesn't match image C:\Users\admin\Desktop\Dr.Virus\Dr.Virus\Virus\Library\ScriptAssemblies\Unity.VisualStudio.Editor.dll
Symbol file LoadedFromMemory is not a mono symbol file
Symbol file data-000001F94CFA3070 doesn't match image C:\Users\admin\Desktop\Dr.Virus\Dr.Virus\Virus\Library\ScriptAssemblies\UnityEngine.TestRunner.dll
Symbol file LoadedFromMemory is not a mono symbol file
Symbol file data-000001F94CFA3070 doesn't match image C:\Users\admin\Desktop\Dr.Virus\Dr.Virus\Virus\Library\ScriptAssemblies\Unity.Timeline.dll
Symbol file LoadedFromMemory is not a mono symbol file
Symbol file data-000001F947EDB020 doesn't match image C:\Users\admin\Desktop\Dr.Virus\Dr.Virus\Virus\Library\ScriptAssemblies\Unity.TextMeshPro.dll
Symbol file LoadedFromMemory is not a mono symbol file
Symbol file data-000001F9487E0010 doesn't match image C:\Users\admin\Desktop\Dr.Virus\Dr.Virus\Virus\Library\ScriptAssemblies\UnityEditor.TestRunner.dll
Symbol file LoadedFromMemory is not a mono symbol file
Symbol file data-000001F94CFA3070 doesn't match image C:\Users\admin\Desktop\Dr.Virus\Dr.Virus\Virus\Library\ScriptAssemblies\Unity.2D.Sprite.Editor.dll
Symbol file LoadedFromMemory is not a mono symbol file
Symbol file data-000001F947E38020 doesn't match image C:\Users\admin\Desktop\Dr.Virus\Dr.Virus\Virus\Library\ScriptAssemblies\Unity.2D.Path.Editor.dll
Symbol file LoadedFromMemory is not a mono symbol file
Symbol file data-000001F949CBCDD0 doesn't match image C:\Users\admin\Desktop\Dr.Virus\Dr.Virus\Virus\Library\ScriptAssemblies\Unity.InternalAPIEditorBridge.001.dll
Symbol file LoadedFromMemory is not a mono symbol file
Symbol file data-000001F94C0DE020 doesn't match image C:\Users\admin\Desktop\Dr.Virus\Dr.Virus\Virus\Library\ScriptAssemblies\UnityEditor.UI.dll
Symbol file LoadedFromMemory is not a mono symbol file
Symbol file data-000001F949A84020 doesn't match image C:\Users\admin\Desktop\Dr.Virus\Dr.Virus\Virus\Library\ScriptAssemblies\Unity.PlasticSCM.Editor.dll
Symbol file LoadedFromMemory is not a mono symbol file
Symbol file data-000001F94BE1A030 doesn't match image C:\Users\admin\Desktop\Dr.Virus\Dr.Virus\Virus\Library\ScriptAssemblies\Unity.Rider.Editor.dll
Symbol file LoadedFromMemory is not a mono symbol file
Symbol file data-000001F944835010 doesn't match image C:\Users\admin\Desktop\Dr.Virus\Dr.Virus\Virus\Library\ScriptAssemblies\UnityEngine.UI.dll
Symbol file LoadedFromMemory is not a mono symbol file
Symbol file data-000001F949185010 doesn't match image C:\Users\admin\Desktop\Dr.Virus\Dr.Virus\Virus\Library\ScriptAssemblies\Unity.Mathematics.dll
Symbol file LoadedFromMemory is not a mono symbol file
Symbol file data-000001F944820E20 doesn't match image C:\Users\admin\Desktop\Dr.Virus\Dr.Virus\Virus\Library\ScriptAssemblies\Unity.2D.IK.Runtime.dll
Symbol file LoadedFromMemory is not a mono symbol file
Symbol file data-000001F94BE1A030 doesn't match image C:\Users\admin\Desktop\Dr.Virus\Dr.Virus\Virus\Library\ScriptAssemblies\Unity.Services.Core.Editor.dll
Symbol file LoadedFromMemory is not a mono symbol file
Symbol file data-000001F944835010 doesn't match image C:\Users\admin\Desktop\Dr.Virus\Dr.Virus\Virus\Library\ScriptAssemblies\Unity.2D.Animation.Triangle.Editor.dll
Symbol file LoadedFromMemory is not a mono symbol file
Symbol file data-000001F944B3C0C0 doesn't match image C:\Users\admin\Desktop\Dr.Virus\Dr.Virus\Virus\Library\ScriptAssemblies\Unity.2D.PixelPerfect.Editor.dll
Symbol file LoadedFromMemory is not a mono symbol file
Symbol file data-000001F944E9DC30 doesn't match image C:\Users\admin\Desktop\Dr.Virus\Dr.Virus\Virus\Library\ScriptAssemblies\Unity.Timeline.Editor.dll
Symbol file LoadedFromMemory is not a mono symbol file
Symbol file data-000001F94CB26C20 doesn't match image C:\Users\admin\Desktop\Dr.Virus\Dr.Virus\Virus\Library\ScriptAssemblies\Unity.CollabProxy.Editor.dll
Symbol file LoadedFromMemory is not a mono symbol file
Symbol file data-000001F94BA221D0 doesn't match image C:\Users\admin\Desktop\Dr.Virus\Dr.Virus\Virus\Library\ScriptAssemblies\Unity.Mathematics.Editor.dll
Symbol file LoadedFromMemory is not a mono symbol file
Symbol file data-000001F94C522920 doesn't match image C:\Users\admin\Desktop\Dr.Virus\Dr.Virus\Virus\Library\ScriptAssemblies\Unity.2D.Common.Runtime.dll
Symbol file LoadedFromMemory is not a mono symbol file
Symbol file data-000001F94C0DE020 doesn't match image C:\Users\admin\Desktop\Dr.Virus\Dr.Virus\Virus\Library\ScriptAssemblies\Unity.2D.SpriteShape.Editor.dll
Symbol file LoadedFromMemory is not a mono symbol file
Symbol file data-000001F949ABD430 doesn't match image C:\Users\admin\Desktop\Dr.Virus\Dr.Virus\Virus\Library\ScriptAssemblies\Unity.2D.Common.Editor.dll
Symbol file LoadedFromMemory is not a mono symbol file
Symbol file data-000001F94CB26C20 doesn't match image C:\Users\admin\Desktop\Dr.Virus\Dr.Virus\Virus\Library\ScriptAssemblies\Unity.2D.SpriteShape.Runtime.dll
Symbol file LoadedFromMemory is not a mono symbol file
Native extension for WindowsStandalone target not found
Refreshing native plugins compatible for Editor in 0.43 ms, found 3 plugins.
Preloading 0 native plugins for Editor in 0.00 ms.
Mono: successfully reloaded assembly
- Completed reload, in  0.741 seconds
Domain Reload Profiling:
	ReloadAssembly (742ms)
		BeginReloadAssembly (86ms)
			ExecutionOrderSort (0ms)
			DisableScriptedObjects (5ms)
			BackupInstance (0ms)
			ReleaseScriptingObjects (0ms)
			CreateAndSetChildDomain (27ms)
		EndReloadAssembly (607ms)
			LoadAssemblies (67ms)
			RebuildTransferFunctionScriptingTraits (0ms)
			SetupTypeCache (218ms)
			ReleaseScriptCaches (1ms)
			RebuildScriptCaches (33ms)
			SetupLoadedEditorAssemblies (220ms)
				LogAssemblyErrors (0ms)
				InitializePlatformSupportModulesInManaged (3ms)
				SetLoadedEditorAssemblies (0ms)
				RefreshPlugins (0ms)
				BeforeProcessingInitializeOnLoad (60ms)
				ProcessInitializeOnLoadAttributes (142ms)
				ProcessInitializeOnLoadMethodAttributes (12ms)
				AfterProcessingInitializeOnLoad (2ms)
				EditorAssembliesLoaded (0ms)
			ExecutionOrderSort2 (0ms)
			AwakeInstancesAfterBackupRestoration (3ms)
Platform modules already initialized, skipping
Refreshing native plugins compatible for Editor in 0.34 ms, found 3 plugins.
Preloading 0 native plugins for Editor in 0.00 ms.
Unloading 2210 Unused Serialized files (Serialized files now loaded: 0)
System memory in use before: 100.0 MB.
System memory in use after: 100.1 MB.

Unloading 14 unused Assets to reduce memory usage. Loaded Objects now: 2677.
Total: 2.332400 ms (FindLiveObjects: 0.140500 ms CreateObjectMapping: 0.072800 ms MarkObjects: 2.104000 ms  DeleteObjects: 0.014700 ms)

AssetImportParameters requested are different than current active one (requested -> active):
  custom:framework-win-MediaFoundation: 216162199b28c13a410421893ffa2e32 -> 
  custom:video-decoder-ogg-theora: a1e56fd34408186e4bbccfd4996cb3dc -> 
  custom:container-muxer-webm: aa71ff27fc2769a1b78a27578f13a17b -> 
  custom:container-demuxer-webm: 4f35f7cbe854078d1ac9338744f61a02 -> 
  custom:container-demuxer-ogg: 62fdf1f143b41e24485cea50d1cbac27 -> 
  custom:video-encoder-webm-vp8: eb34c28f22e8b96e1ab97ce403110664 -> 
  custom:video-decoder-webm-vp8: 9c59270c3fd7afecdb556c50c9e8de78 -> 
  custom:audio-decoder-ogg-vorbis: bf7c407c2cedff20999df2af8eb42d56 -> 
  custom:audio-encoder-webm-vorbis: bf7c407c2cedff20999df2af8eb42d56 -> 
========================================================================
Received Prepare
Registering precompiled user dll's ...
Registered in 0.001147 seconds.
Begin MonoManager ReloadAssembly
Symbol file data-000001F9496FB850 doesn't match image C:\Users\admin\Desktop\Dr.Virus\Dr.Virus\Virus\Library\ScriptAssemblies\Unity.VSCode.Editor.dll
Symbol file LoadedFromMemory is not a mono symbol file
Symbol file data-000001F94C4B27B0 doesn't match image C:\Users\admin\Desktop\Dr.Virus\Dr.Virus\Virus\Library\ScriptAssemblies\Unity.2D.PixelPerfect.dll
Symbol file LoadedFromMemory is not a mono symbol file
Symbol file data-000001F947E20BD0 doesn't match image C:\Users\admin\Desktop\Dr.Virus\Dr.Virus\Virus\Library\ScriptAssemblies\Unity.2D.Tilemap.Editor.dll
Symbol file LoadedFromMemory is not a mono symbol file
Symbol file data-000001F9495D7030 doesn't match image C:\Users\admin\Desktop\Dr.Virus\Dr.Virus\Virus\Library\ScriptAssemblies\PsdPlugin.dll
Symbol file LoadedFromMemory is not a mono symbol file
Symbol file data-000001F94B95B430 doesn't match image C:\Users\admin\Desktop\Dr.Virus\Dr.Virus\Virus\Library\ScriptAssemblies\Unity.TextMeshPro.Editor.dll
Symbol file LoadedFromMemory is not a mono symbol file
Symbol file data-000001F94C0DE020 doesn't match image C:\Users\admin\Desktop\Dr.Virus\Dr.Virus\Virus\Library\ScriptAssemblies\Unity.VisualStudio.Editor.dll
Symbol file LoadedFromMemory is not a mono symbol file
Symbol file data-000001F947E20BD0 doesn't match image C:\Users\admin\Desktop\Dr.Virus\Dr.Virus\Virus\Library\ScriptAssemblies\UnityEngine.TestRunner.dll
Symbol file LoadedFromMemory is not a mono symbol file
Symbol file data-000001F947E20BD0 doesn't match image C:\Users\admin\Desktop\Dr.Virus\Dr.Virus\Virus\Library\ScriptAssemblies\Unity.Timeline.dll
Symbol file LoadedFromMemory is not a mono symbol file
Symbol file data-000001F947EDB020 doesn't match image C:\Users\admin\Desktop\Dr.Virus\Dr.Virus\Virus\Library\ScriptAssemblies\Unity.TextMeshPro.dll
Symbol file LoadedFromMemory is not a mono symbol file
Symbol file data-000001F947DFE6E0 doesn't match image C:\Users\admin\Desktop\Dr.Virus\Dr.Virus\Virus\Library\ScriptAssemblies\UnityEditor.TestRunner.dll
Symbol file LoadedFromMemory is not a mono symbol file
Symbol file data-000001F947E20BD0 doesn't match image C:\Users\admin\Desktop\Dr.Virus\Dr.Virus\Virus\Library\ScriptAssemblies\Unity.2D.Sprite.Editor.dll
Symbol file LoadedFromMemory is not a mono symbol file
Symbol file data-000001F947E38020 doesn't match image C:\Users\admin\Desktop\Dr.Virus\Dr.Virus\Virus\Library\ScriptAssemblies\Unity.2D.Path.Editor.dll
Symbol file LoadedFromMemory is not a mono symbol file
Symbol file data-000001F94468EBB0 doesn't match image C:\Users\admin\Desktop\Dr.Virus\Dr.Virus\Virus\Library\ScriptAssemblies\Unity.InternalAPIEditorBridge.001.dll
Symbol file LoadedFromMemory is not a mono symbol file
Symbol file data-000001F94C0DE020 doesn't match image C:\Users\admin\Desktop\Dr.Virus\Dr.Virus\Virus\Library\ScriptAssemblies\UnityEditor.UI.dll
Symbol file LoadedFromMemory is not a mono symbol file
Symbol file data-000001F948012010 doesn't match image C:\Users\admin\Desktop\Dr.Virus\Dr.Virus\Virus\Library\ScriptAssemblies\Unity.PlasticSCM.Editor.dll
Symbol file LoadedFromMemory is not a mono symbol file
Symbol file data-000001F948AF6A10 doesn't match image C:\Users\admin\Desktop\Dr.Virus\Dr.Virus\Virus\Library\ScriptAssemblies\Unity.Rider.Editor.dll
Symbol file LoadedFromMemory is not a mono symbol file
Symbol file data-000001F94BA65020 doesn't match image C:\Users\admin\Desktop\Dr.Virus\Dr.Virus\Virus\Library\ScriptAssemblies\UnityEngine.UI.dll
Symbol file LoadedFromMemory is not a mono symbol file
Symbol file data-000001F949185010 doesn't match image C:\Users\admin\Desktop\Dr.Virus\Dr.Virus\Virus\Library\ScriptAssemblies\Unity.Mathematics.dll
Symbol file LoadedFromMemory is not a mono symbol file
Symbol file data-000001F949ABB230 doesn't match image C:\Users\admin\Desktop\Dr.Virus\Dr.Virus\Virus\Library\ScriptAssemblies\Unity.2D.IK.Runtime.dll
Symbol file LoadedFromMemory is not a mono symbol file
Symbol file data-000001F94C770110 doesn't match image C:\Users\admin\Desktop\Dr.Virus\Dr.Virus\Virus\Library\ScriptAssemblies\Unity.Services.Core.Editor.dll
Symbol file LoadedFromMemory is not a mono symbol file
Symbol file data-000001F94BA65020 doesn't match image C:\Users\admin\Desktop\Dr.Virus\Dr.Virus\Virus\Library\ScriptAssemblies\Unity.2D.Animation.Triangle.Editor.dll
Symbol file LoadedFromMemory is not a mono symbol file
Symbol file data-000001F94C1B2280 doesn't match image C:\Users\admin\Desktop\Dr.Virus\Dr.Virus\Virus\Library\ScriptAssemblies\Unity.2D.PixelPerfect.Editor.dll
Symbol file LoadedFromMemory is not a mono symbol file
Symbol file data-000001F94C266030 doesn't match image C:\Users\admin\Desktop\Dr.Virus\Dr.Virus\Virus\Library\ScriptAssemblies\Unity.Timeline.Editor.dll
Symbol file LoadedFromMemory is not a mono symbol file
Symbol file data-000001F94B95B430 doesn't match image C:\Users\admin\Desktop\Dr.Virus\Dr.Virus\Virus\Library\ScriptAssemblies\Unity.CollabProxy.Editor.dll
Symbol file LoadedFromMemory is not a mono symbol file
Symbol file data-000001F9482AD1C0 doesn't match image C:\Users\admin\Desktop\Dr.Virus\Dr.Virus\Virus\Library\ScriptAssemblies\Unity.Mathematics.Editor.dll
Symbol file LoadedFromMemory is not a mono symbol file
Symbol file data-000001F94CD6DB00 doesn't match image C:\Users\admin\Desktop\Dr.Virus\Dr.Virus\Virus\Library\ScriptAssemblies\Unity.2D.Common.Runtime.dll
Symbol file LoadedFromMemory is not a mono symbol file
Symbol file data-000001F94C0DE020 doesn't match image C:\Users\admin\Desktop\Dr.Virus\Dr.Virus\Virus\Library\ScriptAssemblies\Unity.2D.SpriteShape.Editor.dll
Symbol file LoadedFromMemory is not a mono symbol file
Symbol file data-000001F9496FB850 doesn't match image C:\Users\admin\Desktop\Dr.Virus\Dr.Virus\Virus\Library\ScriptAssemblies\Unity.2D.Common.Editor.dll
Symbol file LoadedFromMemory is not a mono symbol file
Symbol file data-000001F94B95B430 doesn't match image C:\Users\admin\Desktop\Dr.Virus\Dr.Virus\Virus\Library\ScriptAssemblies\Unity.2D.SpriteShape.Runtime.dll
Symbol file LoadedFromMemory is not a mono symbol file
Native extension for WindowsStandalone target not found
Refreshing native plugins compatible for Editor in 0.45 ms, found 3 plugins.
Preloading 0 native plugins for Editor in 0.00 ms.
Mono: successfully reloaded assembly
- Completed reload, in  0.737 seconds
Domain Reload Profiling:
	ReloadAssembly (737ms)
		BeginReloadAssembly (89ms)
			ExecutionOrderSort (0ms)
			DisableScriptedObjects (5ms)
			BackupInstance (0ms)
			ReleaseScriptingObjects (0ms)
			CreateAndSetChildDomain (30ms)
		EndReloadAssembly (605ms)
			LoadAssemblies (70ms)
			RebuildTransferFunctionScriptingTraits (0ms)
			SetupTypeCache (216ms)
			ReleaseScriptCaches (1ms)
			RebuildScriptCaches (32ms)
			SetupLoadedEditorAssemblies (220ms)
				LogAssemblyErrors (0ms)
				InitializePlatformSupportModulesInManaged (3ms)
				SetLoadedEditorAssemblies (0ms)
				RefreshPlugins (0ms)
				BeforeProcessingInitializeOnLoad (59ms)
				ProcessInitializeOnLoadAttributes (144ms)
				ProcessInitializeOnLoadMethodAttributes (12ms)
				AfterProcessingInitializeOnLoad (2ms)
				EditorAssembliesLoaded (0ms)
			ExecutionOrderSort2 (0ms)
			AwakeInstancesAfterBackupRestoration (3ms)
Platform modules already initialized, skipping
Refreshing native plugins compatible for Editor in 0.39 ms, found 3 plugins.
Preloading 0 native plugins for Editor in 0.00 ms.
Unloading 2210 Unused Serialized files (Serialized files now loaded: 0)
System memory in use before: 100.0 MB.
System memory in use after: 100.1 MB.

Unloading 14 unused Assets to reduce memory usage. Loaded Objects now: 2680.
Total: 2.533400 ms (FindLiveObjects: 0.153200 ms CreateObjectMapping: 0.076700 ms MarkObjects: 2.276200 ms  DeleteObjects: 0.026700 ms)

AssetImportParameters requested are different than current active one (requested -> active):
  custom:framework-win-MediaFoundation: 216162199b28c13a410421893ffa2e32 -> 
  custom:video-decoder-ogg-theora: a1e56fd34408186e4bbccfd4996cb3dc -> 
  custom:container-muxer-webm: aa71ff27fc2769a1b78a27578f13a17b -> 
  custom:container-demuxer-webm: 4f35f7cbe854078d1ac9338744f61a02 -> 
  custom:container-demuxer-ogg: 62fdf1f143b41e24485cea50d1cbac27 -> 
  custom:video-encoder-webm-vp8: eb34c28f22e8b96e1ab97ce403110664 -> 
  custom:video-decoder-webm-vp8: 9c59270c3fd7afecdb556c50c9e8de78 -> 
  custom:audio-decoder-ogg-vorbis: bf7c407c2cedff20999df2af8eb42d56 -> 
  custom:audio-encoder-webm-vorbis: bf7c407c2cedff20999df2af8eb42d56 -> 
AssetImportWorkerClient::OnTransportError - code=2 error=End of file
